[2025-04-19 16:11:51] Living Room Light is ON - Device turned ON
[2025-04-19 16:11:51] Living Room AC is ON - Device turned ON
[2025-04-19 16:11:51] Front Door is ON - Device turned ON
[2025-04-19 16:11:51] Bedroom AC is ON - Device turned ON
[2025-04-19 16:11:51] Bathroom Light is ON - Device turned ON
[2025-04-19 16:11:51] Hallway Light is OFF - Device turned OFF (mass action)
[2025-04-19 16:11:51] Bathroom Light is OFF - Device turned OFF (mass action)
[2025-04-19 16:11:51] Bedroom AC is OFF - Device turned OFF (mass action)
[2025-04-19 16:11:51] Front Door is OFF - Device turned OFF (mass action)
[2025-04-19 16:11:51] Living Room Light is OFF - Device turned OFF (mass action)
[2025-04-19 16:11:51] Living Room AC is OFF - Device turned OFF (mass action)
[2025-04-19 16:11:51] Kitchen Light is OFF - Device turned OFF (mass action)
[2025-04-19 16:11:51] Living Room Light is ON - Device turned ON
[2025-04-19 16:11:51] Living Room AC is ON - Device turned ON
[2025-04-19 16:11:51] Kitchen Light is OFF - Device turned OFF
[2025-04-22 20:40:06] Living Room Light is ON - Device turned ON
[2025-04-22 20:40:06] Living Room AC is ON - Device turned ON
[2025-04-22 20:40:06] Front Door is ON - Device turned ON
[2025-04-22 20:40:07] Bedroom AC is ON - Device turned ON
[2025-04-22 20:40:07] Bathroom Light is ON - Device turned ON
[2025-04-22 20:40:08] Hallway Light is OFF - Device turned OFF (mass action)
[2025-04-22 20:40:08] Bathroom Light is OFF - Device turned OFF (mass action)
[2025-04-22 20:40:08] Bedroom AC is OFF - Device turned OFF (mass action)
[2025-04-22 20:40:08] Front Door is OFF - Device turned OFF (mass action)
[2025-04-22 20:40:08] Living Room Light is OFF - Device turned OFF (mass action)
[2025-04-22 20:40:08] Living Room AC is OFF - Device turned OFF (mass action)
[2025-04-22 20:40:08] Kitchen Light is OFF - Device turned OFF (mass action)
[2025-04-22 20:40:08] Hallway Light is OFF - Device turned OFF (mass action)
[2025-04-22 20:40:08] Bathroom Light is OFF - Device turned OFF (mass action)
[2025-04-22 20:40:08] Bedroom AC is OFF - Device turned OFF (mass action)
[2025-04-22 20:40:08] Front Door is OFF - Device turned OFF (mass action)
[2025-04-22 20:40:08] Living Room Light is OFF - Device turned OFF (mass action)
[2025-04-22 20:40:08] Living Room AC is OFF - Device turned OFF (mass action)
[2025-04-22 20:40:08] Kitchen Light is OFF - Device turned OFF (mass action)
